<?xml version="1.0" encoding="UTF-8"?>
<testng-results ignored="0" total="1" passed="1" failed="0" skipped="0">
  <reporter-output>
  </reporter-output>
  <suite started-at="2022-06-04T22:23:03 IST" name="Default suite" finished-at="2022-06-04T22:23:32 IST" duration-ms="29549">
    <groups>
    </groups>
    <test started-at="2022-06-04T22:23:03 IST" name="Default test" finished-at="2022-06-04T22:23:32 IST" duration-ms="29549">
      <class name="com.project.Test_Cases.Test_Codeshare">
        <test-method is-config="true" signature="applicationSetup()[pri:0, instance:com.project.Test_Cases.Test_Codeshare@4686afc2]" started-at="2022-06-04T22:23:03 IST" name="applicationSetup" finished-at="2022-06-04T22:23:12 IST" duration-ms="8571" status="PASS">
          <reporter-output>
          </reporter-output>
        </test-method> <!-- applicationSetup -->
        <test-method signature="Test01_codeshare()[pri:0, instance:com.project.Test_Cases.Test_Codeshare@4686afc2]" started-at="2022-06-04T22:23:12 IST" name="Test01_codeshare" finished-at="2022-06-04T22:23:31 IST" duration-ms="19556" status="PASS">
          <reporter-output>
          </reporter-output>
        </test-method> <!-- Test01_codeshare -->
        <test-method is-config="true" signature="applicationClose()[pri:0, instance:com.project.Test_Cases.Test_Codeshare@4686afc2]" started-at="2022-06-04T22:23:31 IST" name="applicationClose" finished-at="2022-06-04T22:23:32 IST" duration-ms="1333" status="PASS">
          <reporter-output>
          </reporter-output>
        </test-method> <!-- applicationClose -->
      </class> <!-- com.project.Test_Cases.Test_Codeshare -->
    </test> <!-- Default test -->
  </suite> <!-- Default suite -->
</testng-results>
